app/build/intermediates/manifest_merge_blame_file/debug/manifest-merger-blame-debug-report.txt
1<?xml version="1.0" encoding="utf-8"?>
2<manifest xmlns:android="http://schemas.android.com/apk/res/android"
3    package="com.example.tfg"
4    android:versionCode="1"
5    android:versionName="1.0" >
6
7    <uses-sdk
8        android:minSdkVersion="21"
8-->src\main\AndroidManifest.xml
9        android:targetSdkVersion="32" />
9-->src\main\AndroidManifest.xml
10
11    <uses-permission android:name="android.permission.INTERNET" />
11-->src\main\AndroidManifest.xml:5:5-67
11-->src\main\AndroidManifest.xml:5:22-64
12    <uses-permission android:name="android.permission.ACCESS_NETWORK_STATE" />
12-->src\main\AndroidManifest.xml:6:5-79
12-->src\main\AndroidManifest.xml:6:22-76
13
14    <uses-feature
14-->[com.google.android.gms:play-services-maps:18.0.2] AndroidManifest.xml:26:5-28:35
15        android:glEsVersion="0x00020000"
15-->[com.google.android.gms:play-services-maps:18.0.2] AndroidManifest.xml:27:9-41
16        android:required="true" />
16-->[com.google.android.gms:play-services-maps:18.0.2] AndroidManifest.xml:28:9-32
17
18    <queries>
18-->[com.google.android.gms:play-services-maps:18.0.2] AndroidManifest.xml:30:5-34:15
19
20        <!-- Needs to be explicitly declared on Android R+ -->
21        <package android:name="com.google.android.apps.maps" />
21-->[com.google.android.gms:play-services-maps:18.0.2] AndroidManifest.xml:33:9-64
21-->[com.google.android.gms:play-services-maps:18.0.2] AndroidManifest.xml:33:18-61
22    </queries>
23
24    <application
24-->src\main\AndroidManifest.xml:8:5-40:19
25        android:allowBackup="true"
25-->src\main\AndroidManifest.xml:9:9-35
26        android:appComponentFactory="androidx.core.app.CoreComponentFactory"
26-->[androidx.core:core:1.7.0] AndroidManifest.xml:24:18-86
27        android:debuggable="true"
28        android:icon="@mipmap/ic_launcher"
28-->src\main\AndroidManifest.xml:10:9-43
29        android:label="@string/app_name"
29-->src\main\AndroidManifest.xml:11:9-41
30        android:roundIcon="@mipmap/ic_launcher_round"
30-->src\main\AndroidManifest.xml:12:9-54
31        android:supportsRtl="true"
31-->src\main\AndroidManifest.xml:13:9-35
32        android:testOnly="true"
33        android:theme="@style/Theme.Tfg"
33-->src\main\AndroidManifest.xml:14:9-41
34        android:usesCleartextTraffic="true" >
34-->src\main\AndroidManifest.xml:15:9-44
35        <activity
35-->src\main\AndroidManifest.xml:16:9-18:40
36            android:name="com.example.tfg.Pantallas.Info"
36-->src\main\AndroidManifest.xml:17:13-43
37            android:exported="false" />
37-->src\main\AndroidManifest.xml:18:13-37
38        <activity
38-->src\main\AndroidManifest.xml:19:9-21:40
39            android:name="com.example.tfg.Pantallas.My_Bookings"
39-->src\main\AndroidManifest.xml:20:13-50
40            android:exported="false" />
40-->src\main\AndroidManifest.xml:21:13-37
41        <activity
41-->src\main\AndroidManifest.xml:22:9-24:40
42            android:name="com.example.tfg.Pantallas.Reserve"
42-->src\main\AndroidManifest.xml:23:13-46
43            android:exported="false" />
43-->src\main\AndroidManifest.xml:24:13-37
44        <activity
44-->src\main\AndroidManifest.xml:25:9-27:40
45            android:name="com.example.tfg.Pantallas.MainScreen"
45-->src\main\AndroidManifest.xml:26:13-49
46            android:exported="false" />
46-->src\main\AndroidManifest.xml:27:13-37
47        <activity
47-->src\main\AndroidManifest.xml:28:9-30:40
48            android:name="com.example.tfg.Pantallas.Register"
48-->src\main\AndroidManifest.xml:29:13-47
49            android:exported="false" />
49-->src\main\AndroidManifest.xml:30:13-37
50        <activity
50-->src\main\AndroidManifest.xml:31:9-39:20
51            android:name="com.example.tfg.Pantallas.Login"
51-->src\main\AndroidManifest.xml:32:13-44
52            android:exported="true" >
52-->src\main\AndroidManifest.xml:33:13-36
53            <intent-filter>
53-->src\main\AndroidManifest.xml:34:13-38:29
54                <action android:name="android.intent.action.MAIN" />
54-->src\main\AndroidManifest.xml:35:17-69
54-->src\main\AndroidManifest.xml:35:25-66
55
56                <category android:name="android.intent.category.LAUNCHER" />
56-->src\main\AndroidManifest.xml:37:17-77
56-->src\main\AndroidManifest.xml:37:27-74
57            </intent-filter>
58        </activity>
59        <!-- Needs to be explicitly declared on P+ -->
60        <uses-library
60-->[com.google.android.gms:play-services-maps:18.0.2] AndroidManifest.xml:39:9-41:40
61            android:name="org.apache.http.legacy"
61-->[com.google.android.gms:play-services-maps:18.0.2] AndroidManifest.xml:40:13-50
62            android:required="false" />
62-->[com.google.android.gms:play-services-maps:18.0.2] AndroidManifest.xml:41:13-37
63
64        <activity
64-->[com.google.android.gms:play-services-base:18.0.1] AndroidManifest.xml:20:9-22:45
65            android:name="com.google.android.gms.common.api.GoogleApiActivity"
65-->[com.google.android.gms:play-services-base:18.0.1] AndroidManifest.xml:20:19-85
66            android:exported="false"
66-->[com.google.android.gms:play-services-base:18.0.1] AndroidManifest.xml:22:19-43
67            android:theme="@android:style/Theme.Translucent.NoTitleBar" />
67-->[com.google.android.gms:play-services-base:18.0.1] AndroidManifest.xml:21:19-78
68
69        <meta-data
69-->[com.google.android.gms:play-services-basement:18.0.0] AndroidManifest.xml:21:9-23:69
70            android:name="com.google.android.gms.version"
70-->[com.google.android.gms:play-services-basement:18.0.0] AndroidManifest.xml:22:13-58
71            android:value="@integer/google_play_services_version" />
71-->[com.google.android.gms:play-services-basement:18.0.0] AndroidManifest.xml:23:13-66
72
73        <provider
73-->[androidx.emoji2:emoji2:1.0.0] AndroidManifest.xml:26:9-34:20
74            android:name="androidx.startup.InitializationProvider"
74-->[androidx.emoji2:emoji2:1.0.0] AndroidManifest.xml:27:13-67
75            android:authorities="com.example.tfg.androidx-startup"
75-->[androidx.emoji2:emoji2:1.0.0] AndroidManifest.xml:28:13-68
76            android:exported="false" >
76-->[androidx.emoji2:emoji2:1.0.0] AndroidManifest.xml:29:13-37
77            <meta-data
77-->[androidx.emoji2:emoji2:1.0.0] AndroidManifest.xml:31:13-33:52
78                android:name="androidx.emoji2.text.EmojiCompatInitializer"
78-->[androidx.emoji2:emoji2:1.0.0] AndroidManifest.xml:32:17-75
79                android:value="androidx.startup" />
79-->[androidx.emoji2:emoji2:1.0.0] AndroidManifest.xml:33:17-49
80            <meta-data
80-->[androidx.lifecycle:lifecycle-process:2.4.0] AndroidManifest.xml:31:13-33:52
81                android:name="androidx.lifecycle.ProcessLifecycleInitializer"
81-->[androidx.lifecycle:lifecycle-process:2.4.0] AndroidManifest.xml:32:17-78
82                android:value="androidx.startup" />
82-->[androidx.lifecycle:lifecycle-process:2.4.0] AndroidManifest.xml:33:17-49
83        </provider>
84    </application>
85
86</manifest>